[0904/104027.032:ERROR:process_reader_win.cc(182)] ResumeThread: The parameter is incorrect. (0x57)
[0904/104027.032:ERROR:process_reader_win.cc(151)] SuspendThread: Access is denied. (0x5)
[0904/104027.032:ERROR:process_reader_win.cc(151)] SuspendThread: Access is denied. (0x5)
[0904/104027.032:ERROR:process_reader_win.cc(151)] SuspendThread: Access is denied. (0x5)
[0904/104027.032:ERROR:process_reader_win.cc(151)] SuspendThread: Access is denied. (0x5)
[0904/104027.032:ERROR:process_reader_win.cc(151)] SuspendThread: Access is denied. (0x5)
[0904/104027.032:ERROR:process_reader_win.cc(123)] NtOpenThread: An invalid Client ID was specified. (0xc000000b)
[0904/104027.036:ERROR:process_reader_win.cc(151)] SuspendThread: Access is denied. (0x5)
[0904/104027.036:ERROR:process_reader_win.cc(151)] SuspendThread: Access is denied. (0x5)
[0904/104027.036:ERROR:process_reader_win.cc(151)] SuspendThread: Access is denied. (0x5)
[0904/104027.036:ERROR:process_reader_win.cc(151)] SuspendThread: Access is denied. (0x5)
[0904/104027.036:ERROR:process_reader_win.cc(151)] SuspendThread: Access is denied. (0x5)
[0904/104027.036:ERROR:exception_snapshot_win.cc(88)] thread ID 4320 not found in process
[0910/174148.583:ERROR:crash_report_database_win.cc(569)] CreateDirectory C:\Users\mege\AppData\Local\Temp\scoped_dir2824_32347\Crashpad: There is not enough space on the disk. (0x70)
[0910/174148.583:ERROR:registration_protocol_win.cc(84)] TransactNamedPipe: The pipe has been ended. (0x6D)
[0910/174148.583:ERROR:crash_report_database_win.cc(569)] CreateDirectory C:\Users\mege\AppData\Local\Temp\scoped_dir2824_32347\Crashpad: There is not enough space on the disk. (0x70)
[0910/174211.605:ERROR:crash_report_database_win.cc(569)] CreateDirectory C:\Users\mege\AppData\Local\Temp\scoped_dir7908_8415\Crashpad: There is not enough space on the disk. (0x70)
[0910/174211.605:ERROR:registration_protocol_win.cc(84)] TransactNamedPipe: The pipe has been ended. (0x6D)
[0910/174211.605:ERROR:crash_report_database_win.cc(569)] CreateDirectory C:\Users\mege\AppData\Local\Temp\scoped_dir7908_8415\Crashpad: There is not enough space on the disk. (0x70)
[0930/081449.484:ERROR:crash_report_database_win.cc(569)] CreateDirectory C:\Users\mege\AppData\Local\Temp\scoped_dir2596_24192\Crashpad: There is not enough space on the disk. (0x70)
[0930/081449.494:ERROR:registration_protocol_win.cc(84)] TransactNamedPipe: The pipe has been ended. (0x6D)
[0930/081449.494:ERROR:crash_report_database_win.cc(569)] CreateDirectory C:\Users\mege\AppData\Local\Temp\scoped_dir2596_24192\Crashpad: There is not enough space on the disk. (0x70)
